number,value,datetime_start,datetime_complete,duration,params_colsample_bytree,params_gamma,params_huber_slope,params_learning_rate,params_max_depth,params_min_child_weight,params_n_estimators,params_reg_alpha,params_reg_lambda,params_subsample,system_attrs_tpe:relative_params:0,state
0,0.7562565730227826,2026-09-14 00:47:32.696957,2026-09-14 00:47:33.331745,0 days 00:00:00.634788,0.49359671220172163,0.9016725176148133,0.27252399296554375,0.044803926826840625,6,4.550475813202184,600,2.3780150503717912e-06,7.5504986209563665,0.6624074561769746,,COMPLETE
1,0.5308135575343287,2026-09-14 00:47:33.463747,2026-09-14 00:47:33.785345,0 days 00:00:00.321598,0.5100427059120604,0.6479175279631737,0.05855939072248697,0.060534484680010825,6,1.094334266006264,200,9.345744384425808e-05,0.22356209648036382,0.6727299868828402,,COMPLETE
2,0.47612914126486977,2026-09-14 00:47:33.901789,2026-09-14 00:47:34.919697,0 days 00:00:01.017908,0.8711055768358081,0.8886218532930636,0.023738121231167874,0.011996621453406362,2,1.9315397754283634,900,1.9647681005457057e-05,0.20058106556780586,0.7824279936868144,,COMPLETE
3,0.6483989299093529,2026-09-14 00:47:35.054419,2026-09-14 00:47:35.784671,0 days 00:00:00.730252,0.8850384088698766,1.0263495397682354,0.10143333294303855,0.0060758085133366885,2,16.563097558837168,900,9.39767277253127e-05,0.002737095165771331,0.9862528132298237,,COMPLETE
4,0.5235185277992994,2026-09-14 00:47:35.892766,2026-09-14 00:47:36.248471,0 days 00:00:00.355705,0.7975133706123891,0.8200654190149195,0.039552862824753815,0.005542561258655853,4,14.313829500644555,300,0.00010446972133751495,0.21301372721189435,0.7035119926400067,,COMPLETE
5,0.6815733475571767,2026-09-14 00:47:36.352409,2026-09-14 00:47:37.403798,0 days 00:00:01.051389,0.9531245410138701,0.0678409333658071,0.06640926942455805,0.08342309693146736,5,13.568664419006934,1400,3.7426280304822406e-06,0.007541175343530674,0.8391599915244341,,COMPLETE
6,0.796358170097954,2026-09-14 00:47:37.520247,2026-09-14 00:47:38.266166,0 days 00:00:00.745919,0.7256176498949491,0.11182596551965623,0.7622230409479378,0.05986629236379361,3,1.8642761165079123,700,8.180564870796601e-06,3.9042098517777197,0.7123738038749523,,COMPLETE
7,0.6988336021013779,2026-09-14 00:47:38.393365,2026-09-14 00:47:38.924295,0 days 00:00:00.530930,0.7422688323564249,0.3627942041302564,0.10004936246888281,0.021734199267948513,3,0.9810712096843889,1300,2.340302326181559e-05,0.008724336507931712,0.8003655460928483,"{""colsample_bytree"": 0.7422688323564249, ""gamma"": 0.3627942041302564, ""huber_slope"": 0.10004936246888281, ""learning_rate"": 0.021734199267948513, ""max_depth"": 3, ""min_child_weight"": 0.9810712096843889, ""n_estimators"": 1300, ""reg_alpha"": 2.340302326181559e-05, ""reg_lambda"": 0.008724336507931712, ""subsample"": 0.8003655460928483}",PRUNED
8,0.5796611129212613,2026-09-14 00:47:39.050293,2026-09-14 00:47:39.484909,0 days 00:00:00.434616,0.8723415409787558,0.02339219948768445,0.02222808074226625,0.0072684745753281415,3,1.8619082407363663,700,3.237780630707602e-06,1.245474897496745,0.9322694568091301,"{""colsample_bytree"": 0.8723415409787558, ""gamma"": 0.02339219948768445, ""huber_slope"": 0.02222808074226625, ""learning_rate"": 0.0072684745753281415, ""max_depth"": 3, ""min_child_weight"": 1.8619082407363663, ""n_estimators"": 700, ""reg_alpha"": 3.237780630707602e-06, ""reg_lambda"": 1.245474897496745, ""subsample"": 0.9322694568091301}",PRUNED
9,0.5346325661913492,2026-09-14 00:47:39.605970,2026-09-14 00:47:40.108651,0 days 00:00:00.502681,0.9218732511796511,0.7386491223594253,0.03955043761603788,0.020076522227873806,2,2.3016722908905125,400,2.887818519364705e-06,0.054772329774647674,0.6468445663259459,"{""colsample_bytree"": 0.9218732511796511, ""gamma"": 0.7386491223594253, ""huber_slope"": 0.03955043761603788, ""learning_rate"": 0.020076522227873806, ""max_depth"": 2, ""min_child_weight"": 2.3016722908905125, ""n_estimators"": 400, ""reg_alpha"": 2.887818519364705e-06, ""reg_lambda"": 0.054772329774647674, ""subsample"": 0.6468445663259459}",COMPLETE
10,0.6763700888254618,2026-09-14 00:47:40.211576,2026-09-14 00:47:40.460265,0 days 00:00:00.248689,0.6724721673851469,1.337813295032867,0.22253531873056642,0.00544818322296675,2,4.466987795633972,400,8.567474768400398e-06,0.023021275110505408,0.8445766289931147,"{""colsample_bytree"": 0.6724721673851469, ""gamma"": 1.337813295032867, ""huber_slope"": 0.22253531873056642, ""learning_rate"": 0.00544818322296675, ""max_depth"": 2, ""min_child_weight"": 4.466987795633972, ""n_estimators"": 400, ""reg_alpha"": 8.567474768400398e-06, ""reg_lambda"": 0.023021275110505408, ""subsample"": 0.8445766289931147}",PRUNED
11,0.5230041876650299,2026-09-14 00:47:40.585715,2026-09-14 00:47:41.475579,0 days 00:00:00.889864,0.9765034550292614,0.9509643708801102,0.038704421369245054,0.010255955286453743,4,2.1117748690636127,1000,1.8422642298014794e-06,0.2843091644328124,0.8387224488146036,"{""colsample_bytree"": 0.9765034550292614, ""gamma"": 0.9509643708801102, ""huber_slope"": 0.038704421369245054, ""learning_rate"": 0.010255955286453743, ""max_depth"": 4, ""min_child_weight"": 2.1117748690636127, ""n_estimators"": 1000, ""reg_alpha"": 1.8422642298014794e-06, ""reg_lambda"": 0.2843091644328124, ""subsample"": 0.8387224488146036}",COMPLETE
12,0.5480756100432972,2026-09-14 00:47:41.594593,2026-09-14 00:47:42.517123,0 days 00:00:00.922530,0.9489022297986309,0.6251996336763361,0.04843353738132002,0.00565644057023598,4,2.409507108984399,1000,7.930290125640809e-06,0.298209819769691,0.8261432522786589,"{""colsample_bytree"": 0.9489022297986309, ""gamma"": 0.6251996336763361, ""huber_slope"": 0.04843353738132002, ""learning_rate"": 0.00565644057023598, ""max_depth"": 4, ""min_child_weight"": 2.409507108984399, ""n_estimators"": 1000, ""reg_alpha"": 7.930290125640809e-06, ""reg_lambda"": 0.298209819769691, ""subsample"": 0.8261432522786589}",COMPLETE
13,0.5197608494684435,2026-09-14 00:47:42.640395,2026-09-14 00:47:43.869552,0 days 00:00:01.229157,0.8983995341863013,0.7383173846704529,0.03605297088689844,0.013017111742161162,2,1.3077412259885732,1200,1.5689958742618837e-06,0.12695906183239294,0.8598069922724652,"{""colsample_bytree"": 0.8983995341863013, ""gamma"": 0.7383173846704529, ""huber_slope"": 0.03605297088689844, ""learning_rate"": 0.013017111742161162, ""max_depth"": 2, ""min_child_weight"": 1.3077412259885732, ""n_estimators"": 1200, ""reg_alpha"": 1.5689958742618837e-06, ""reg_lambda"": 0.12695906183239294, ""subsample"": 0.8598069922724652}",COMPLETE
14,0.4730322449306712,2026-09-14 00:47:43.984870,2026-09-14 00:47:45.297805,0 days 00:00:01.312935,0.9487173897744532,0.42794975938931973,0.020134848891581163,0.014692210829714485,2,0.7299606304522339,1400,2.1709475892853914e-05,0.9237115121027089,0.8220062685156109,"{""colsample_bytree"": 0.9487173897744532, ""gamma"": 0.42794975938931973, ""huber_slope"": 0.020134848891581163, ""learning_rate"": 0.014692210829714485, ""max_depth"": 2, ""min_child_weight"": 0.7299606304522339, ""n_estimators"": 1400, ""reg_alpha"": 2.1709475892853914e-05, ""reg_lambda"": 0.9237115121027089, ""subsample"": 0.8220062685156109}",COMPLETE
15,0.5189477242664335,2026-09-14 00:47:45.410665,2026-09-14 00:47:46.169989,0 days 00:00:00.759324,0.9565267281413669,0.35950847094442095,0.040904421635482364,0.010655112232717007,2,1.4498399472766028,800,0.00031197898512643304,0.3167377432291128,0.8002341358938451,"{""colsample_bytree"": 0.9565267281413669, ""gamma"": 0.35950847094442095, ""huber_slope"": 0.040904421635482364, ""learning_rate"": 0.010655112232717007, ""max_depth"": 2, ""min_child_weight"": 1.4498399472766028, ""n_estimators"": 800, ""reg_alpha"": 0.00031197898512643304, ""reg_lambda"": 0.3167377432291128, ""subsample"": 0.8002341358938451}",COMPLETE
16,0.5154651057394121,2026-09-14 00:47:46.281909,2026-09-14 00:47:47.440454,0 days 00:00:01.158545,0.7468524676137003,0.4202391716009059,0.03258258527816791,0.008071005281681308,2,2.383297273559788,1400,0.00018941528124999642,0.22568327223366239,0.8647199179411946,"{""colsample_bytree"": 0.7468524676137003, ""gamma"": 0.4202391716009059, ""huber_slope"": 0.03258258527816791, ""learning_rate"": 0.008071005281681308, ""max_depth"": 2, ""min_child_weight"": 2.383297273559788, ""n_estimators"": 1400, ""reg_alpha"": 0.00018941528124999642, ""reg_lambda"": 0.22568327223366239, ""subsample"": 0.8647199179411946}",COMPLETE
17,0.6565187320053473,2026-09-14 00:47:47.565568,2026-09-14 00:47:48.236019,0 days 00:00:00.670451,0.8297665892636301,0.0247699943118323,0.021392033707686248,0.014895186016177696,2,1.1766135372195718,1000,5.525735226800852e-06,0.6928184405709802,0.7115085652390702,"{""colsample_bytree"": 0.8297665892636301, ""gamma"": 0.0247699943118323, ""huber_slope"": 0.021392033707686248, ""learning_rate"": 0.014895186016177696, ""max_depth"": 2, ""min_child_weight"": 1.1766135372195718, ""n_estimators"": 1000, ""reg_alpha"": 5.525735226800852e-06, ""reg_lambda"": 0.6928184405709802, ""subsample"": 0.7115085652390702}",PRUNED
18,0.48354805512946797,2026-09-14 00:47:48.368791,2026-09-14 00:47:49.343393,0 days 00:00:00.974602,0.8159479566677379,0.7652334031719125,0.024673928078790326,0.019467918692783644,2,1.3596583421173727,1000,0.00017337950867796304,0.09235475058864281,0.9047814522625851,"{""colsample_bytree"": 0.8159479566677379, ""gamma"": 0.7652334031719125, ""huber_slope"": 0.024673928078790326, ""learning_rate"": 0.019467918692783644, ""max_depth"": 2, ""min_child_weight"": 1.3596583421173727, ""n_estimators"": 1000, ""reg_alpha"": 0.00017337950867796304, ""reg_lambda"": 0.09235475058864281, ""subsample"": 0.9047814522625851}",COMPLETE
19,0.4760418672238613,2026-09-14 00:47:49.469388,2026-09-14 00:47:50.522977,0 days 00:00:01.053589,0.9521326659449174,0.4472629850794635,0.02513907529503959,0.01876250582239851,3,0.5153620609476093,900,0.00016001393444976022,0.5650928191018793,0.7510587670786667,"{""colsample_bytree"": 0.9521326659449174, ""gamma"": 0.4472629850794635, ""huber_slope"": 0.02513907529503959, ""learning_rate"": 0.01876250582239851, ""max_depth"": 3, ""min_child_weight"": 0.5153620609476093, ""n_estimators"": 900, ""reg_alpha"": 0.00016001393444976022, ""reg_lambda"": 0.5650928191018793, ""subsample"": 0.7510587670786667}",COMPLETE
20,0.4954726219238995,2026-09-14 00:47:50.637384,2026-09-14 00:47:51.880044,0 days 00:00:01.242660,0.9611683824219883,0.23946620913792538,0.02907290833944496,0.007700622892894078,3,0.927807683948312,1200,0.00017943376789315068,4.458740544268763,0.8476276706091274,"{""colsample_bytree"": 0.9611683824219883, ""gamma"": 0.23946620913792538, ""huber_slope"": 0.02907290833944496, ""learning_rate"": 0.007700622892894078, ""max_depth"": 3, ""min_child_weight"": 0.927807683948312, ""n_estimators"": 1200, ""reg_alpha"": 0.00017943376789315068, ""reg_lambda"": 4.458740544268763, ""subsample"": 0.8476276706091274}",COMPLETE
21,0.4941863366058177,2026-09-14 00:47:52.025045,2026-09-14 00:47:53.086115,0 days 00:00:01.061070,0.8689134927348372,0.4382590056916815,0.02985489766773272,0.019844751781115166,3,0.5835630743655129,1000,0.0007108571815792395,1.757742501038003,0.8085291147008244,"{""colsample_bytree"": 0.8689134927348372, ""gamma"": 0.4382590056916815, ""huber_slope"": 0.02985489766773272, ""learning_rate"": 0.019844751781115166, ""max_depth"": 3, ""min_child_weight"": 0.5835630743655129, ""n_estimators"": 1000, ""reg_alpha"": 0.0007108571815792395, ""reg_lambda"": 1.757742501038003, ""subsample"": 0.8085291147008244}",COMPLETE
22,0.47871059331140886,2026-09-14 00:47:53.212748,2026-09-14 00:47:54.232092,0 days 00:00:01.019344,0.9604322889961744,0.8946332524015075,0.025306173358134433,0.02207665941555575,2,0.8575654927613161,1000,6.1023562602598455e-06,1.7771738350247535,0.753559893009457,"{""colsample_bytree"": 0.9604322889961744, ""gamma"": 0.8946332524015075, ""huber_slope"": 0.025306173358134433, ""learning_rate"": 0.02207665941555575, ""max_depth"": 2, ""min_child_weight"": 0.8575654927613161, ""n_estimators"": 1000, ""reg_alpha"": 6.1023562602598455e-06, ""reg_lambda"": 1.7771738350247535, ""subsample"": 0.753559893009457}",COMPLETE
23,0.41840479122088836,2026-09-14 00:47:54.362471,2026-09-14 00:47:54.947121,0 days 00:00:00.584650,0.9612182250962089,0.5032711912598625,0.04468159237765091,0.01388324088299158,2,0.5886365353588702,1200,1.4714936007788704e-05,0.5044651852081119,0.7573665652717833,"{""colsample_bytree"": 0.9612182250962089, ""gamma"": 0.5032711912598625, ""huber_slope"": 0.04468159237765091, ""learning_rate"": 0.01388324088299158, ""max_depth"": 2, ""min_child_weight"": 0.5886365353588702, ""n_estimators"": 1200, ""reg_alpha"": 1.4714936007788704e-05, ""reg_lambda"": 0.5044651852081119, ""subsample"": 0.7573665652717833}",PRUNED
24,0.4834397571871501,2026-09-14 00:47:55.077766,2026-09-14 00:47:56.093695,0 days 00:00:01.015929,0.9613664636579764,0.6975068786316845,0.026423273740556263,0.02793454851764319,4,1.0991237608090274,1000,6.092035922714554e-05,0.8585152767216849,0.7992028824253535,"{""colsample_bytree"": 0.9613664636579764, ""gamma"": 0.6975068786316845, ""huber_slope"": 0.026423273740556263, ""learning_rate"": 0.02793454851764319, ""max_depth"": 4, ""min_child_weight"": 1.0991237608090274, ""n_estimators"": 1000, ""reg_alpha"": 6.092035922714554e-05, ""reg_lambda"": 0.8585152767216849, ""subsample"": 0.7992028824253535}",COMPLETE
25,0.4762247080750547,2026-09-14 00:47:56.203633,2026-09-14 00:47:56.983741,0 days 00:00:00.780108,0.7420562429264748,0.6266100400004719,0.024368287816333763,0.014529786896160248,3,1.4369711676215247,800,3.198294863361243e-05,0.6968115395503337,0.7902301486838169,"{""colsample_bytree"": 0.7420562429264748, ""gamma"": 0.6266100400004719, ""huber_slope"": 0.024368287816333763, ""learning_rate"": 0.014529786896160248, ""max_depth"": 3, ""min_child_weight"": 1.4369711676215247, ""n_estimators"": 800, ""reg_alpha"": 3.198294863361243e-05, ""reg_lambda"": 0.6968115395503337, ""subsample"": 0.7902301486838169}",COMPLETE
26,0.8490744992146291,2026-09-14 00:47:57.105020,2026-09-14 00:47:57.898841,0 days 00:00:00.793821,0.916371288546648,0.06117989628015025,0.022356409554313516,0.020509795377187497,2,0.5352852989602459,1400,4.718433425690865e-06,0.5255849579500861,0.8308051312259627,"{""colsample_bytree"": 0.916371288546648, ""gamma"": 0.06117989628015025, ""huber_slope"": 0.022356409554313516, ""learning_rate"": 0.020509795377187497, ""max_depth"": 2, ""min_child_weight"": 0.5352852989602459, ""n_estimators"": 1400, ""reg_alpha"": 4.718433425690865e-06, ""reg_lambda"": 0.5255849579500861, ""subsample"": 0.8308051312259627}",PRUNED
27,0.4704104031751834,2026-09-14 00:47:58.023306,2026-09-14 00:47:58.923456,0 days 00:00:00.900150,0.9920066718554641,0.5968758150746178,0.02606644384074458,0.019231441457641205,3,0.5315678365420665,700,4.138597647978998e-05,0.08407336426128667,0.7121255241300052,"{""colsample_bytree"": 0.9920066718554641, ""gamma"": 0.5968758150746178, ""huber_slope"": 0.02606644384074458, ""learning_rate"": 0.019231441457641205, ""max_depth"": 3, ""min_child_weight"": 0.5315678365420665, ""n_estimators"": 700, ""reg_alpha"": 4.138597647978998e-05, ""reg_lambda"": 0.08407336426128667, ""subsample"": 0.7121255241300052}",COMPLETE
28,0.4658412131082901,2026-09-14 00:47:59.044686,2026-09-14 00:47:59.867670,0 days 00:00:00.822984,0.8746783595466938,0.5472032134827504,0.02044452100895753,0.03274033513613096,3,0.5907502773205582,800,4.056471092567954e-05,0.14260046202597762,0.690848941109347,"{""colsample_bytree"": 0.8746783595466938, ""gamma"": 0.5472032134827504, ""huber_slope"": 0.02044452100895753, ""learning_rate"": 0.03274033513613096, ""max_depth"": 3, ""min_child_weight"": 0.5907502773205582, ""n_estimators"": 800, ""reg_alpha"": 4.056471092567954e-05, ""reg_lambda"": 0.14260046202597762, ""subsample"": 0.690848941109347}",COMPLETE
29,0.4616636203572412,2026-09-14 00:47:59.980695,2026-09-14 00:48:00.966092,0 days 00:00:00.985397,0.8536829216956818,0.6707547577878111,0.025254583450126253,0.024970207068988195,2,1.7327225633383545,900,6.234213813037882e-05,0.8899511348541058,0.6939604300809332,"{""colsample_bytree"": 0.8536829216956818, ""gamma"": 0.6707547577878111, ""huber_slope"": 0.025254583450126253, ""learning_rate"": 0.024970207068988195, ""max_depth"": 2, ""min_child_weight"": 1.7327225633383545, ""n_estimators"": 900, ""reg_alpha"": 6.234213813037882e-05, ""reg_lambda"": 0.8899511348541058, ""subsample"": 0.6939604300809332}",COMPLETE
